2025-02-14 18:28:27 autoreload.run_with_reloader: Watching for file changes with StatReloader
2025-02-14 18:28:31 autoreload.trigger_reload: /Users/bytedance/projects/learn-py/learndjango/learndjango/settings.py changed, reloading.
2025-02-14 18:28:31 autoreload.run_with_reloader: Watching for file changes with StatReloader
2025-02-17 16:03:02 autoreload.trigger_reload: /Users/bytedance/projects/learn-py/learndjango/polls/views.py changed, reloading.
2025-02-17 16:03:02 autoreload.run_with_reloader: Watching for file changes with StatReloader
2025-02-17 16:03:31 autoreload.trigger_reload: /Users/bytedance/projects/learn-py/learndjango/learndjango/urls.py changed, reloading.
2025-02-17 16:03:31 autoreload.run_with_reloader: Watching for file changes with StatReloader
2025-02-17 16:04:17 autoreload.run_with_reloader: Watching for file changes with StatReloader
2025-02-17 16:04:31 log.log_response: Not Found: /api/sujects
2025-02-17 16:04:31 basehttp.log_message: "GET /api/sujects HTTP/1.1" 404 2967
2025-02-17 16:04:32 log.log_response: Not Found: /favicon.ico
2025-02-17 16:04:32 basehttp.log_message: "GET /favicon.ico HTTP/1.1" 404 2967
2025-02-17 16:04:35 basehttp.log_message: "GET /api/subjects HTTP/1.1" 301 0
2025-02-17 16:04:35 basehttp.log_message: "GET /api/subjects/ HTTP/1.1" 200 381
2025-02-17 16:04:36 basehttp.log_message: "GET /api/subjects/ HTTP/1.1" 200 381
2025-02-17 16:07:10 autoreload.trigger_reload: /Users/bytedance/projects/learn-py/learndjango/polls/mapper.py changed, reloading.
2025-02-17 16:07:10 autoreload.run_with_reloader: Watching for file changes with StatReloader
2025-02-17 16:07:13 basehttp.log_message: "GET /api/subjects/ HTTP/1.1" 200 417
2025-02-17 16:07:14 basehttp.log_message: "GET /api/subjects/ HTTP/1.1" 200 417
2025-02-17 16:07:30 autoreload.trigger_reload: /Users/bytedance/projects/learn-py/learndjango/polls/mapper.py changed, reloading.
2025-02-17 16:07:30 autoreload.run_with_reloader: Watching for file changes with StatReloader
2025-02-17 16:07:32 basehttp.log_message: "GET /api/subjects/ HTTP/1.1" 200 417
2025-02-17 16:07:33 basehttp.log_message: "GET /api/subjects/ HTTP/1.1" 200 417
2025-02-17 16:07:33 basehttp.log_message: "GET /api/subjects/ HTTP/1.1" 200 417
2025-02-17 16:07:40 autoreload.trigger_reload: /Users/bytedance/projects/learn-py/learndjango/polls/mapper.py changed, reloading.
2025-02-17 16:07:41 autoreload.run_with_reloader: Watching for file changes with StatReloader
2025-02-17 16:07:46 autoreload.trigger_reload: /Users/bytedance/projects/learn-py/learndjango/polls/mapper.py changed, reloading.
2025-02-17 16:07:46 autoreload.run_with_reloader: Watching for file changes with StatReloader
2025-02-17 16:07:50 basehttp.log_message: "GET /api/subjects/ HTTP/1.1" 200 417
2025-02-17 16:07:55 basehttp.log_message: "GET /api/subjects/ HTTP/1.1" 200 417
2025-02-17 16:08:00 autoreload.trigger_reload: /Users/bytedance/projects/learn-py/learndjango/polls/mapper.py changed, reloading.
2025-02-17 16:08:00 autoreload.run_with_reloader: Watching for file changes with StatReloader
2025-02-17 16:08:01 basehttp.log_message: "GET /api/subjects/ HTTP/1.1" 200 378
2025-02-17 16:11:49 autoreload.trigger_reload: /Users/bytedance/projects/learn-py/learndjango/learndjango/settings.py changed, reloading.
2025-02-17 16:11:49 autoreload.run_with_reloader: Watching for file changes with StatReloader
2025-02-17 16:12:07 autoreload.trigger_reload: /Users/bytedance/projects/learn-py/learndjango/learndjango/settings.py changed, reloading.
2025-02-17 16:12:08 autoreload.run_with_reloader: Watching for file changes with StatReloader
2025-02-17 16:15:59 autoreload.trigger_reload: /Users/bytedance/projects/learn-py/learndjango/polls/models.py changed, reloading.
2025-02-17 16:15:59 autoreload.run_with_reloader: Watching for file changes with StatReloader
2025-02-17 16:35:05 autoreload.trigger_reload: /Users/bytedance/projects/learn-py/learndjango/learndjango/settings.py changed, reloading.
2025-02-17 16:35:05 autoreload.run_with_reloader: Watching for file changes with StatReloader
2025-02-17 16:38:44 autoreload.trigger_reload: /Users/bytedance/projects/learn-py/learndjango/learndjango/settings.py changed, reloading.
2025-02-17 16:38:44 autoreload.run_with_reloader: Watching for file changes with StatReloader
2025-02-17 16:39:12 autoreload.trigger_reload: /Users/bytedance/projects/learn-py/learndjango/polls/views.py changed, reloading.
2025-02-17 16:39:12 autoreload.run_with_reloader: Watching for file changes with StatReloader
2025-02-17 16:39:23 autoreload.trigger_reload: /Users/bytedance/projects/learn-py/learndjango/polls/views.py changed, reloading.
2025-02-17 16:39:23 autoreload.run_with_reloader: Watching for file changes with StatReloader
2025-02-17 16:39:26 log.log_response: Internal Server Error: /api/subjects/
Traceback (most recent call last):
  File "/Users/bytedance/py-local/lib/python3.13/site-packages/django/core/handlers/exception.py", line 55, in inner
    response = get_response(request)
  File "/Users/bytedance/py-local/lib/python3.13/site-packages/django/core/handlers/base.py", line 197, in _get_response
    response = wrapped_callback(request, *callback_args, **callback_kwargs)
  File "/Users/bytedance/py-local/lib/python3.13/site-packages/django/views/decorators/csrf.py", line 65, in _view_wrapper
    return view_func(request, *args, **kwargs)
  File "/Users/bytedance/py-local/lib/python3.13/site-packages/django/views/generic/base.py", line 104, in view
    return self.dispatch(request, *args, **kwargs)
           ~~~~~~~~~~~~~^^^^^^^^^^^^^^^^^^^^^^^^^^
  File "/Users/bytedance/py-local/lib/python3.13/site-packages/rest_framework/views.py", line 509, in dispatch
    response = self.handle_exception(exc)
  File "/Users/bytedance/py-local/lib/python3.13/site-packages/rest_framework/views.py", line 469, in handle_exception
    self.raise_uncaught_exception(exc)
    ~~~~~~~~~~~~~~~~~~~~~~~~~~~~~^^^^^
  File "/Users/bytedance/py-local/lib/python3.13/site-packages/rest_framework/views.py", line 480, in raise_uncaught_exception
    raise exc
  File "/Users/bytedance/py-local/lib/python3.13/site-packages/rest_framework/views.py", line 506, in dispatch
    response = handler(request, *args, **kwargs)
  File "/Users/bytedance/py-local/lib/python3.13/site-packages/rest_framework/decorators.py", line 50, in handler
    return func(*args, **kwargs)
  File "/Users/bytedance/projects/learn-py/learndjango/polls/views.py", line 15, in show_subjects
    serializer = SubjectSerializer(subjects, many=True)
                 ^^^^^^^^^^^^^^^^^
NameError: name 'SubjectSerializer' is not defined
2025-02-17 16:39:26 basehttp.log_message: "GET /api/subjects/ HTTP/1.1" 500 95471
2025-02-17 16:39:42 autoreload.trigger_reload: /Users/bytedance/projects/learn-py/learndjango/polls/views.py changed, reloading.
2025-02-17 16:39:43 autoreload.run_with_reloader: Watching for file changes with StatReloader
2025-02-17 16:39:44 basehttp.log_message: "GET /api/subjects/ HTTP/1.1" 200 10510
2025-02-17 16:39:44 basehttp.log_message: "GET /static/rest_framework/css/prettify.css HTTP/1.1" 200 817
2025-02-17 16:39:44 basehttp.log_message: "GET /static/rest_framework/js/ajax-form.js HTTP/1.1" 200 3796
2025-02-17 16:39:44 basehttp.log_message: "GET /static/rest_framework/css/bootstrap-tweaks.css HTTP/1.1" 200 3426
2025-02-17 16:39:44 basehttp.log_message: "GET /static/rest_framework/css/default.css HTTP/1.1" 200 1152
2025-02-17 16:39:44 basehttp.log_message: "GET /static/rest_framework/js/csrf.js HTTP/1.1" 200 1793
2025-02-17 16:39:44 basehttp.log_message: "GET /static/rest_framework/js/prettify-min.js HTTP/1.1" 200 13632
2025-02-17 16:39:44 basehttp.log_message: "GET /static/rest_framework/js/default.js HTTP/1.1" 200 1268
2025-02-17 16:39:44 basehttp.log_message: "GET /static/rest_framework/css/bootstrap.min.css HTTP/1.1" 200 121457
2025-02-17 16:39:44 basehttp.log_message: "GET /static/rest_framework/js/load-ajax-form.js HTTP/1.1" 200 59
2025-02-17 16:39:44 basehttp.log_message: "GET /static/rest_framework/js/bootstrap.min.js HTTP/1.1" 200 39680
2025-02-17 16:39:44 basehttp.log_message: "GET /static/rest_framework/js/jquery-3.7.1.min.js HTTP/1.1" 200 87533
2025-02-17 16:39:44 basehttp.log_message: "GET /static/rest_framework/img/grid.png HTTP/1.1" 200 1458
2025-02-17 16:40:43 autoreload.trigger_reload: /Users/bytedance/projects/learn-py/learndjango/polls/models.py changed, reloading.
2025-02-17 16:40:44 autoreload.run_with_reloader: Watching for file changes with StatReloader
2025-02-17 16:40:52 autoreload.trigger_reload: /Users/bytedance/projects/learn-py/learndjango/polls/models.py changed, reloading.
2025-02-17 16:40:53 autoreload.run_with_reloader: Watching for file changes with StatReloader
2025-02-17 16:41:06 autoreload.trigger_reload: /Users/bytedance/projects/learn-py/learndjango/polls/views.py changed, reloading.
2025-02-17 16:41:07 autoreload.run_with_reloader: Watching for file changes with StatReloader
2025-02-17 16:41:18 autoreload.trigger_reload: /Users/bytedance/projects/learn-py/learndjango/polls/views.py changed, reloading.
2025-02-17 16:41:18 autoreload.run_with_reloader: Watching for file changes with StatReloader
2025-02-17 16:41:24 autoreload.trigger_reload: /Users/bytedance/projects/learn-py/learndjango/polls/views.py changed, reloading.
2025-02-17 16:41:25 autoreload.run_with_reloader: Watching for file changes with StatReloader
2025-02-17 16:41:39 autoreload.trigger_reload: /Users/bytedance/projects/learn-py/learndjango/polls/views.py changed, reloading.
2025-02-17 16:41:40 autoreload.run_with_reloader: Watching for file changes with StatReloader
2025-02-17 16:41:54 autoreload.trigger_reload: /Users/bytedance/projects/learn-py/learndjango/polls/models.py changed, reloading.
2025-02-17 16:41:54 autoreload.run_with_reloader: Watching for file changes with StatReloader
2025-02-17 16:41:55 autoreload.trigger_reload: /Users/bytedance/projects/learn-py/learndjango/polls/models.py changed, reloading.
2025-02-17 16:41:56 autoreload.run_with_reloader: Watching for file changes with StatReloader
2025-02-17 16:42:01 autoreload.trigger_reload: /Users/bytedance/projects/learn-py/learndjango/polls/views.py changed, reloading.
2025-02-17 16:42:01 autoreload.run_with_reloader: Watching for file changes with StatReloader
2025-02-17 16:42:05 autoreload.trigger_reload: /Users/bytedance/projects/learn-py/learndjango/polls/views.py changed, reloading.
2025-02-17 16:42:05 autoreload.run_with_reloader: Watching for file changes with StatReloader
2025-02-17 16:42:18 autoreload.trigger_reload: /Users/bytedance/projects/learn-py/learndjango/learndjango/urls.py changed, reloading.
2025-02-17 16:42:18 autoreload.run_with_reloader: Watching for file changes with StatReloader
2025-02-17 16:42:27 log.log_response: Not Found: /api/techers/
2025-02-17 16:42:27 basehttp.log_message: "GET /api/techers/ HTTP/1.1" 404 2974
2025-02-17 16:42:34 log.log_response: Not Found: /api/teachers/
2025-02-17 16:42:34 basehttp.log_message: "GET /api/teachers/ HTTP/1.1" 404 10040
2025-02-17 16:42:35 log.log_response: Not Found: /api/teachers/
2025-02-17 16:42:35 basehttp.log_message: "GET /api/teachers/ HTTP/1.1" 404 10040
2025-02-17 16:42:35 basehttp.log_message: "GET /static/rest_framework/css/bootstrap-tweaks.css HTTP/1.1" 304 0
2025-02-17 16:42:35 basehttp.log_message: "GET /static/rest_framework/css/bootstrap.min.css HTTP/1.1" 304 0
2025-02-17 16:42:35 basehttp.log_message: "GET /static/rest_framework/css/default.css HTTP/1.1" 304 0
2025-02-17 16:42:35 basehttp.log_message: "GET /static/rest_framework/css/prettify.css HTTP/1.1" 304 0
2025-02-17 16:42:35 basehttp.log_message: "GET /static/rest_framework/js/ajax-form.js HTTP/1.1" 304 0
2025-02-17 16:42:35 basehttp.log_message: "GET /static/rest_framework/js/csrf.js HTTP/1.1" 304 0
2025-02-17 16:42:35 basehttp.log_message: "GET /static/rest_framework/js/bootstrap.min.js HTTP/1.1" 304 0
2025-02-17 16:42:35 basehttp.log_message: "GET /static/rest_framework/js/jquery-3.7.1.min.js HTTP/1.1" 304 0
2025-02-17 16:42:35 basehttp.log_message: "GET /static/rest_framework/js/default.js HTTP/1.1" 304 0
2025-02-17 16:42:35 basehttp.log_message: "GET /static/rest_framework/js/prettify-min.js HTTP/1.1" 304 0
2025-02-17 16:42:35 basehttp.log_message: "GET /static/rest_framework/js/load-ajax-form.js HTTP/1.1" 304 0
2025-02-17 16:42:43 autoreload.trigger_reload: /Users/bytedance/projects/learn-py/learndjango/polls/views.py changed, reloading.
2025-02-17 16:42:44 autoreload.run_with_reloader: Watching for file changes with StatReloader
2025-02-17 16:42:45 autoreload.trigger_reload: /Users/bytedance/projects/learn-py/learndjango/polls/views.py changed, reloading.
2025-02-17 16:42:45 autoreload.run_with_reloader: Watching for file changes with StatReloader
2025-02-17 16:43:18 basehttp.log_message: "GET /admin HTTP/1.1" 301 0
2025-02-17 16:43:18 basehttp.log_message: "GET /admin/ HTTP/1.1" 302 0
2025-02-17 16:43:18 basehttp.log_message: "GET /admin/login/?next=/admin/ HTTP/1.1" 200 4174
2025-02-17 16:43:18 basehttp.log_message: "GET /static/admin/css/base.css HTTP/1.1" 200 22092
2025-02-17 16:43:18 basehttp.log_message: "GET /static/admin/css/nav_sidebar.css HTTP/1.1" 200 2810
2025-02-17 16:43:18 basehttp.log_message: "GET /static/admin/css/login.css HTTP/1.1" 200 951
2025-02-17 16:43:18 basehttp.log_message: "GET /static/admin/js/theme.js HTTP/1.1" 200 1653
2025-02-17 16:43:18 basehttp.log_message: "GET /static/admin/css/dark_mode.css HTTP/1.1" 200 2804
2025-02-17 16:43:18 basehttp.log_message: "GET /static/admin/css/responsive.css HTTP/1.1" 200 17972
2025-02-17 16:43:19 basehttp.log_message: "GET /static/admin/js/nav_sidebar.js HTTP/1.1" 200 3063
2025-02-17 16:43:33 basehttp.log_message: "POST /admin/login/?next=/admin/ HTTP/1.1" 200 4323
2025-02-17 16:43:38 basehttp.log_message: "POST /admin/login/?next=/admin/ HTTP/1.1" 200 4323
2025-02-17 16:43:44 basehttp.log_message: "POST /admin/login/?next=/admin/ HTTP/1.1" 200 4323
2025-02-17 16:43:57 log.log_response: Not Found: /favicon.ico
2025-02-17 16:43:57 log.log_response: Not Found: /apple-touch-icon-precomposed.png
2025-02-17 16:43:57 log.log_response: Not Found: /apple-touch-icon.png
2025-02-17 16:43:57 basehttp.log_message: "GET /favicon.ico HTTP/1.1" 404 2971
2025-02-17 16:43:57 basehttp.log_message: "GET /apple-touch-icon-precomposed.png HTTP/1.1" 404 3034
2025-02-17 16:43:57 basehttp.log_message: "GET /apple-touch-icon.png HTTP/1.1" 404 2998
2025-02-17 16:43:57 basehttp.log_message: "GET / HTTP/1.1" 200 10432
2025-02-17 16:44:56 basehttp.log_message: "POST /admin/login/?next=/admin/ HTTP/1.1" 200 4329
2025-02-17 16:45:04 basehttp.log_message: "GET /admin/ HTTP/1.1" 302 0
2025-02-17 16:45:04 basehttp.log_message: "GET /admin/login/?next=/admin/ HTTP/1.1" 200 4174
2025-02-17 16:45:05 basehttp.log_message: "GET /admin/login/?next=/admin/ HTTP/1.1" 200 4174
2025-02-17 16:45:13 basehttp.log_message: "POST /admin/login/?next=/admin/ HTTP/1.1" 200 4329
2025-02-17 16:45:22 basehttp.log_message: "POST /admin/login/?next=/admin/ HTTP/1.1" 200 4329
2025-02-17 16:45:42 autoreload.run_with_reloader: Watching for file changes with StatReloader
2025-02-17 16:45:53 basehttp.log_message: "POST /admin/login/?next=/admin/ HTTP/1.1" 200 4329
2025-02-17 16:45:57 basehttp.log_message: "GET /admin/login/?next=/admin/ HTTP/1.1" 200 4174
2025-02-17 16:46:01 basehttp.log_message: "GET /admin/login/?next=/admin/ HTTP/1.1" 200 4174
2025-02-17 16:46:02 basehttp.log_message: "GET /admin/login/?next=/admin/ HTTP/1.1" 200 4174
2025-02-17 16:46:12 basehttp.log_message: "GET /admin/login/?next=/admin/ HTTP/1.1" 200 4174
2025-02-17 16:46:23 basehttp.log_message: "POST /admin/login/?next=/admin/ HTTP/1.1" 200 4329
2025-02-17 16:46:32 basehttp.log_message: "POST /admin/login/?next=/admin/ HTTP/1.1" 302 0
2025-02-17 16:46:32 basehttp.log_message: "GET /admin/ HTTP/1.1" 200 7244
2025-02-17 16:46:32 basehttp.log_message: "GET /static/admin/css/dashboard.css HTTP/1.1" 200 441
2025-02-17 16:46:32 basehttp.log_message: "GET /static/admin/img/icon-addlink.svg HTTP/1.1" 200 331
2025-02-17 16:46:32 basehttp.log_message: "GET /static/admin/img/icon-changelink.svg HTTP/1.1" 200 380
2025-02-17 16:46:37 basehttp.log_message: "GET /admin/polls/teacher/ HTTP/1.1" 200 8539
2025-02-17 16:46:37 basehttp.log_message: "GET /static/admin/css/changelists.css HTTP/1.1" 200 6878
2025-02-17 16:46:37 basehttp.log_message: "GET /static/admin/js/jquery.init.js HTTP/1.1" 200 347
2025-02-17 16:46:37 basehttp.log_message: "GET /static/admin/js/core.js HTTP/1.1" 200 6208
2025-02-17 16:46:37 basehttp.log_message: "GET /static/admin/js/admin/RelatedObjectLookups.js HTTP/1.1" 200 9097
2025-02-17 16:46:37 basehttp.log_message: "GET /static/admin/js/actions.js HTTP/1.1" 200 8076
2025-02-17 16:46:37 basehttp.log_message: "GET /static/admin/js/prepopulate.js HTTP/1.1" 200 1531
2025-02-17 16:46:37 basehttp.log_message: "GET /static/admin/js/urlify.js HTTP/1.1" 200 7887
2025-02-17 16:46:37 basehttp.log_message: "GET /static/admin/img/search.svg HTTP/1.1" 200 458
2025-02-17 16:46:37 basehttp.log_message: "GET /admin/jsi18n/ HTTP/1.1" 200 9327
2025-02-17 16:46:37 basehttp.log_message: "GET /static/admin/js/vendor/jquery/jquery.js HTTP/1.1" 200 285314
2025-02-17 16:46:37 basehttp.log_message: "GET /static/admin/js/vendor/xregexp/xregexp.js HTTP/1.1" 200 325171
2025-02-17 16:46:37 basehttp.log_message: "GET /static/admin/js/filters.js HTTP/1.1" 200 978
2025-02-17 16:46:37 basehttp.log_message: "GET /static/admin/img/tooltag-add.svg HTTP/1.1" 200 331
2025-02-17 16:46:39 basehttp.log_message: "GET /admin/polls/teacher/add/ HTTP/1.1" 200 15037
2025-02-17 16:46:39 basehttp.log_message: "GET /static/admin/css/forms.css HTTP/1.1" 200 8794
2025-02-17 16:46:39 basehttp.log_message: "GET /static/admin/js/calendar.js HTTP/1.1" 200 9141
2025-02-17 16:46:39 basehttp.log_message: "GET /static/admin/js/prepopulate_init.js HTTP/1.1" 200 586
2025-02-17 16:46:39 basehttp.log_message: "GET /static/admin/js/admin/DateTimeShortcuts.js HTTP/1.1" 200 19319
2025-02-17 16:46:39 basehttp.log_message: "GET /admin/jsi18n/ HTTP/1.1" 200 9327
2025-02-17 16:46:39 basehttp.log_message: "GET /static/admin/css/widgets.css HTTP/1.1" 200 11564
2025-02-17 16:46:39 basehttp.log_message: "GET /static/admin/img/icon-deletelink.svg HTTP/1.1" 200 392
2025-02-17 16:46:39 basehttp.log_message: "GET /static/admin/img/icon-viewlink.svg HTTP/1.1" 200 581
2025-02-17 16:46:39 basehttp.log_message: "GET /static/admin/js/change_form.js HTTP/1.1" 200 606
2025-02-17 16:46:39 basehttp.log_message: "GET /static/admin/img/icon-calendar.svg HTTP/1.1" 200 1086
2025-02-17 16:46:53 basehttp.log_message: "POST /admin/polls/teacher/add/ HTTP/1.1" 200 15268
2025-02-17 16:46:53 basehttp.log_message: "GET /admin/jsi18n/ HTTP/1.1" 200 9327
2025-02-17 16:46:57 basehttp.log_message: "POST /admin/polls/teacher/add/ HTTP/1.1" 302 0
2025-02-17 16:46:57 basehttp.log_message: "GET /admin/polls/teacher/ HTTP/1.1" 200 11336
2025-02-17 16:46:57 basehttp.log_message: "GET /admin/jsi18n/ HTTP/1.1" 200 9327
2025-02-17 16:46:57 basehttp.log_message: "GET /static/admin/img/icon-yes.svg HTTP/1.1" 200 436
2025-02-17 16:46:57 basehttp.log_message: "GET /static/admin/img/sorting-icons.svg HTTP/1.1" 200 1097
2025-02-17 16:47:03 log.log_response: Not Found: /api/teachers/
2025-02-17 16:47:03 basehttp.log_message: "GET /api/teachers/ HTTP/1.1" 404 10079
2025-02-17 16:47:03 basehttp.log_message: "GET /static/rest_framework/css/prettify.css HTTP/1.1" 304 0
2025-02-17 16:47:03 basehttp.log_message: "GET /static/rest_framework/css/default.css HTTP/1.1" 304 0
2025-02-17 16:47:03 basehttp.log_message: "GET /static/rest_framework/js/prettify-min.js HTTP/1.1" 304 0
2025-02-17 16:47:03 basehttp.log_message: "GET /static/rest_framework/js/ajax-form.js HTTP/1.1" 304 0
2025-02-17 16:47:03 basehttp.log_message: "GET /static/rest_framework/css/bootstrap.min.css HTTP/1.1" 304 0
2025-02-17 16:47:03 basehttp.log_message: "GET /static/rest_framework/js/jquery-3.7.1.min.js HTTP/1.1" 304 0
2025-02-17 16:47:03 basehttp.log_message: "GET /static/rest_framework/css/bootstrap-tweaks.css HTTP/1.1" 304 0
2025-02-17 16:47:03 basehttp.log_message: "GET /static/rest_framework/js/csrf.js HTTP/1.1" 304 0
2025-02-17 16:47:03 basehttp.log_message: "GET /static/rest_framework/js/load-ajax-form.js HTTP/1.1" 304 0
2025-02-17 16:47:03 basehttp.log_message: "GET /static/rest_framework/js/bootstrap.min.js HTTP/1.1" 304 0
2025-02-17 16:47:03 basehttp.log_message: "GET /static/rest_framework/js/default.js HTTP/1.1" 304 0
2025-02-17 16:47:03 basehttp.log_message: "GET /static/rest_framework/img/grid.png HTTP/1.1" 304 0
2025-02-17 16:47:05 basehttp.log_message: "OPTIONS /api/teachers/ HTTP/1.1" 200 10438
2025-02-17 16:47:06 basehttp.log_message: "OPTIONS /api/teachers/ HTTP/1.1" 200 10438
2025-02-17 16:47:06 basehttp.log_message: "OPTIONS /api/teachers/ HTTP/1.1" 200 10438
2025-02-17 16:47:07 log.log_response: Not Found: /api/teachers/
2025-02-17 16:47:07 basehttp.log_message: "GET /api/teachers/ HTTP/1.1" 404 10079
2025-02-17 16:47:10 log.log_response: Not Found: /api/teachers/1
2025-02-17 16:47:10 basehttp.log_message: "GET /api/teachers/1 HTTP/1.1" 404 2980
2025-02-17 16:47:13 log.log_response: Not Found: /api/teachers/
2025-02-17 16:47:13 basehttp.log_message: "GET /api/teachers/ HTTP/1.1" 404 10079
2025-02-17 16:47:30 basehttp.log_message: "GET /api/teachers/?sno=1 HTTP/1.1" 200 10643
2025-02-17 17:25:51 basehttp.log_message: "GET /admin/polls/subject/ HTTP/1.1" 200 11356
2025-02-17 17:25:51 basehttp.log_message: "GET /admin/jsi18n/ HTTP/1.1" 200 9327
2025-02-17 17:25:52 basehttp.log_message: "GET /admin/ HTTP/1.1" 200 7642
2025-02-17 17:25:55 basehttp.log_message: "GET /admin/polls/subject/ HTTP/1.1" 200 11356
2025-02-17 17:25:55 basehttp.log_message: "GET /admin/jsi18n/ HTTP/1.1" 200 9327
