2025-02-17 16:04:31 WARNING [98675-Thread-1 (process_request_thread)] log.log_response line 248: Not Found: /api/sujects
2025-02-17 16:04:31 WARNING [98675-Thread-1 (process_request_thread)] basehttp.log_message line 213: "GET /api/sujects HTTP/1.1" 404 2967
2025-02-17 16:04:32 WARNING [98675-Thread-1 (process_request_thread)] log.log_response line 248: Not Found: /favicon.ico
2025-02-17 16:04:32 WARNING [98675-Thread-1 (process_request_thread)] basehttp.log_message line 213: "GET /favicon.ico HTTP/1.1" 404 2967
2025-02-17 16:39:26 ERROR [4269-Thread-1 (process_request_thread)] log.log_response line 248: Internal Server Error: /api/subjects/
Traceback (most recent call last):
  File "/Users/bytedance/py-local/lib/python3.13/site-packages/django/core/handlers/exception.py", line 55, in inner
    response = get_response(request)
  File "/Users/bytedance/py-local/lib/python3.13/site-packages/django/core/handlers/base.py", line 197, in _get_response
    response = wrapped_callback(request, *callback_args, **callback_kwargs)
  File "/Users/bytedance/py-local/lib/python3.13/site-packages/django/views/decorators/csrf.py", line 65, in _view_wrapper
    return view_func(request, *args, **kwargs)
  File "/Users/bytedance/py-local/lib/python3.13/site-packages/django/views/generic/base.py", line 104, in view
    return self.dispatch(request, *args, **kwargs)
           ~~~~~~~~~~~~~^^^^^^^^^^^^^^^^^^^^^^^^^^
  File "/Users/bytedance/py-local/lib/python3.13/site-packages/rest_framework/views.py", line 509, in dispatch
    response = self.handle_exception(exc)
  File "/Users/bytedance/py-local/lib/python3.13/site-packages/rest_framework/views.py", line 469, in handle_exception
    self.raise_uncaught_exception(exc)
    ~~~~~~~~~~~~~~~~~~~~~~~~~~~~~^^^^^
  File "/Users/bytedance/py-local/lib/python3.13/site-packages/rest_framework/views.py", line 480, in raise_uncaught_exception
    raise exc
  File "/Users/bytedance/py-local/lib/python3.13/site-packages/rest_framework/views.py", line 506, in dispatch
    response = handler(request, *args, **kwargs)
  File "/Users/bytedance/py-local/lib/python3.13/site-packages/rest_framework/decorators.py", line 50, in handler
    return func(*args, **kwargs)
  File "/Users/bytedance/projects/learn-py/learndjango/polls/views.py", line 15, in show_subjects
    serializer = SubjectSerializer(subjects, many=True)
                 ^^^^^^^^^^^^^^^^^
NameError: name 'SubjectSerializer' is not defined
2025-02-17 16:39:26 ERROR [4269-Thread-1 (process_request_thread)] basehttp.log_message line 213: "GET /api/subjects/ HTTP/1.1" 500 95471
2025-02-17 16:42:27 WARNING [4597-Thread-1 (process_request_thread)] log.log_response line 248: Not Found: /api/techers/
2025-02-17 16:42:27 WARNING [4597-Thread-1 (process_request_thread)] basehttp.log_message line 213: "GET /api/techers/ HTTP/1.1" 404 2974
2025-02-17 16:42:34 WARNING [4597-Thread-3 (process_request_thread)] log.log_response line 248: Not Found: /api/teachers/
2025-02-17 16:42:34 WARNING [4597-Thread-3 (process_request_thread)] basehttp.log_message line 213: "GET /api/teachers/ HTTP/1.1" 404 10040
2025-02-17 16:42:35 WARNING [4597-Thread-3 (process_request_thread)] log.log_response line 248: Not Found: /api/teachers/
2025-02-17 16:42:35 WARNING [4597-Thread-3 (process_request_thread)] basehttp.log_message line 213: "GET /api/teachers/ HTTP/1.1" 404 10040
2025-02-17 16:43:57 WARNING [4643-Thread-12 (process_request_thread)] log.log_response line 248: Not Found: /favicon.ico
2025-02-17 16:43:57 WARNING [4643-Thread-14 (process_request_thread)] log.log_response line 248: Not Found: /apple-touch-icon-precomposed.png
2025-02-17 16:43:57 WARNING [4643-Thread-15 (process_request_thread)] log.log_response line 248: Not Found: /apple-touch-icon.png
2025-02-17 16:43:57 WARNING [4643-Thread-12 (process_request_thread)] basehttp.log_message line 213: "GET /favicon.ico HTTP/1.1" 404 2971
2025-02-17 16:43:57 WARNING [4643-Thread-14 (process_request_thread)] basehttp.log_message line 213: "GET /apple-touch-icon-precomposed.png HTTP/1.1" 404 3034
2025-02-17 16:43:57 WARNING [4643-Thread-15 (process_request_thread)] basehttp.log_message line 213: "GET /apple-touch-icon.png HTTP/1.1" 404 2998
2025-02-17 16:47:03 WARNING [4958-Thread-25 (process_request_thread)] log.log_response line 248: Not Found: /api/teachers/
2025-02-17 16:47:03 WARNING [4958-Thread-25 (process_request_thread)] basehttp.log_message line 213: "GET /api/teachers/ HTTP/1.1" 404 10079
2025-02-17 16:47:07 WARNING [4958-Thread-27 (process_request_thread)] log.log_response line 248: Not Found: /api/teachers/
2025-02-17 16:47:07 WARNING [4958-Thread-27 (process_request_thread)] basehttp.log_message line 213: "GET /api/teachers/ HTTP/1.1" 404 10079
2025-02-17 16:47:10 WARNING [4958-Thread-31 (process_request_thread)] log.log_response line 248: Not Found: /api/teachers/1
2025-02-17 16:47:10 WARNING [4958-Thread-31 (process_request_thread)] basehttp.log_message line 213: "GET /api/teachers/1 HTTP/1.1" 404 2980
2025-02-17 16:47:13 WARNING [4958-Thread-31 (process_request_thread)] log.log_response line 248: Not Found: /api/teachers/
2025-02-17 16:47:13 WARNING [4958-Thread-31 (process_request_thread)] basehttp.log_message line 213: "GET /api/teachers/ HTTP/1.1" 404 10079
